--------------------------------------------------
--------------------------------------------------
--------------------------------------------------
--------------------------------------------------
--------------------------------------------------
--------------------------------------------------
--------------------------------------------------
--------------------------------------------------
--------------------------------------------------
--------------------------------------------------
--------------------------------------------------
--------------------------------------------------
--------------------------------------------------
--------------------------------------------------
--------------------------------------------------
--------------------------------------------------
--------------------------------------------------
--------------------------------------------------
--------------------------------------------------
--------------------------------------------------
--------------------------------------------------
--------------------------------------------------
--------------------------------------------------
--------------------------------------------------
--------------------------------------------------
--------------------------------------------------
--------------------------------------------------
--------------------------------------------------
--------------------------------------------------
--------------------------------------------------
--------------------------------------------------
--------------------------------------------------
--------------------------------------------------
--------------------------------------------------
--------------------------------------------------
--------------------------------------------------
--------------------------------------------------
--------------------------------------------------
--------------------------------------------------
--------------------------------------------------
--------------------------------------------------
--------------------------------------------------
--------------------------------------------------
--------------------------------------------------
--------------------------------------------------
--------------------------------------------------
--------------------------------------------------
--------------------------------------------------
--------------------------------------------------
--------------------------------------------------
--------------------------------------------------
--------------------------------------------------
--------------------------------------------------
--------------------------------------------------
--------------------------------------------------
--------------------------------------------------
--------------------------------------------------
--------------------------------------------------
--------------------------------------------------
--------------------------------------------------
--------------------------------------------------
--------------------------------------------------
--------------------------------------------------
--------------------------------------------------
Port CON-IN1+ was deleted from Fub467.1
Port CON-IN1- was deleted from Fub467.1
Port CON-IN4+ was deleted from Fub467.1
Port CON-IN2- was deleted from Fub467.1
Port CON-IN3+ was deleted from Fub467.1
Port CON-IN3- was deleted from Fub467.1
Port CON-IN2+ was deleted from Fub467.1
Port CON-IN4- was deleted from Fub467.1
--------------------------------------------------
Port CON-B+ was deleted from Fub465.1
Port CON-A- was deleted from Fub465.1
Port RGND was deleted from Fub465.1
--------------------------------------------------
--------------------------------------------------
Port CON-L1 was deleted from Fub463.1
Port CON-NEUT was deleted from Fub463.1
Port CON-DC+ was deleted from Fub463.1
Port CON-DC- was deleted from Fub463.1
--------------------------------------------------
--------------------------------------------------
Port $1I44 was deleted from Fub14.1
Port $1I42 was deleted from Fub14.1
Port $1I38 was deleted from Fub14.1
Port $1I32 was deleted from Fub14.1
Port $1I30 was deleted from Fub14.1
Port $1I34 was deleted from Fub14.1
Port $1I36 was deleted from Fub14.1
Port $1I40 was deleted from Fub14.1
--------------------------------------------------
--------------------------------------------------
--------------------------------------------------
--------------------------------------------------
--------------------------------------------------
--------------------------------------------------
--------------------------------------------------
--------------------------------------------------
--------------------------------------------------
--------------------------------------------------
--------------------------------------------------
--------------------------------------------------
--------------------------------------------------
--------------------------------------------------
--------------------------------------------------
--------------------------------------------------
--------------------------------------------------
Port CON-IN2- was deleted from Fub467.1
Port CON-IN3+ was deleted from Fub467.1
Port CON-IN4- was deleted from Fub467.1
Port CON-IN1- was deleted from Fub467.1
Port CON-IN4+ was deleted from Fub467.1
Port CON-IN3- was deleted from Fub467.1
Port CON-IN2+ was deleted from Fub467.1
Port CON-IN1+ was deleted from Fub467.1
--------------------------------------------------
--------------------------------------------------
--------------------------------------------------
--------------------------------------------------
--------------------------------------------------
--------------------------------------------------
--------------------------------------------------
--------------------------------------------------
--------------------------------------------------
--------------------------------------------------
--------------------------------------------------
--------------------------------------------------
--------------------------------------------------
--------------------------------------------------
--------------------------------------------------
--------------------------------------------------
--------------------------------------------------
--------------------------------------------------
--------------------------------------------------
--------------------------------------------------
--------------------------------------------------
--------------------------------------------------
--------------------------------------------------
--------------------------------------------------
--------------------------------------------------
--------------------------------------------------
--------------------------------------------------
--------------------------------------------------
--------------------------------------------------
--------------------------------------------------
--------------------------------------------------
--------------------------------------------------
--------------------------------------------------
--------------------------------------------------
--------------------------------------------------
--------------------------------------------------
--------------------------------------------------
--------------------------------------------------
--------------------------------------------------
--------------------------------------------------
--------------------------------------------------
--------------------------------------------------
--------------------------------------------------
--------------------------------------------------
--------------------------------------------------
--------------------------------------------------
--------------------------------------------------
--------------------------------------------------
--------------------------------------------------
--------------------------------------------------
--------------------------------------------------
